<?xml version="1.0" encoding="UTF-8"?>
<testng-results skipped="0" failed="0" ignored="0" total="1" passed="1">
  <reporter-output>
  </reporter-output>
  <suite name="test.MavenParameterViaPropertyFileTest" duration-ms="8744" started-at="2021-04-15T17:41:53 IST" finished-at="2021-04-15T17:42:02 IST">
    <groups>
    </groups>
    <test name="Command line test" duration-ms="8744" started-at="2021-04-15T17:41:53 IST" finished-at="2021-04-15T17:42:02 IST">
      <class name="test.MavenParameterViaPropertyFileTest">
        <test-method status="PASS" signature="MethodTest()[pri:0, instance:test.MavenParameterViaPropertyFileTest@39c0f4a]" name="MethodTest" duration-ms="8712" started-at="2021-04-15T17:41:53 IST" finished-at="2021-04-15T17:42:02 IST">
          <reporter-output>
          </reporter-output>
        </test-method> <!-- MethodTest -->
      </class> <!-- test.MavenParameterViaPropertyFileTest -->
    </test> <!-- Command line test -->
  </suite> <!-- test.MavenParameterViaPropertyFileTest -->
</testng-results>
